c:\users\stacy\documents\visual studio 2015\projects\cryptohash\cryptohash\debug\vc140.pdb
c:\users\stacy\documents\visual studio 2015\projects\cryptohash\cryptohash\debug\vc140.idb
c:\users\stacy\documents\visual studio 2015\projects\cryptohash\cryptohash\debug\source.obj
c:\users\stacy\documents\visual studio 2015\projects\cryptohash\cryptohash\debug\base64.obj
c:\users\stacy\documents\visual studio 2015\projects\cryptohash\cryptohash\debug\vcpkg.applocal.log
c:\users\stacy\documents\visual studio 2015\projects\cryptohash\debug\libeay32.dll
c:\users\stacy\documents\visual studio 2015\projects\cryptohash\debug\cpprest_2_10d.dll
c:\users\stacy\documents\visual studio 2015\projects\cryptohash\debug\boost_system-vc140-mt-gd-x32-1_67.dll
c:\users\stacy\documents\visual studio 2015\projects\cryptohash\debug\boost_date_time-vc140-mt-gd-x32-1_67.dll
c:\users\stacy\documents\visual studio 2015\projects\cryptohash\debug\ssleay32.dll
c:\users\stacy\documents\visual studio 2015\projects\cryptohash\debug\zlibd1.dll
c:\users\stacy\documents\visual studio 2015\projects\cryptohash\debug\cryptohash.ilk
c:\users\stacy\documents\visual studio 2015\projects\cryptohash\debug\cryptohash.exe
c:\users\stacy\documents\visual studio 2015\projects\cryptohash\debug\cryptohash.pdb
c:\users\stacy\documents\visual studio 2015\projects\cryptohash\cryptohash\debug\cryptohash.res
c:\users\stacy\documents\visual studio 2015\projects\cryptohash\cryptohash\debug\cryptohash.tlog\cl.command.1.tlog
c:\users\stacy\documents\visual studio 2015\projects\cryptohash\cryptohash\debug\cryptohash.tlog\cl.read.1.tlog
c:\users\stacy\documents\visual studio 2015\projects\cryptohash\cryptohash\debug\cryptohash.tlog\cl.write.1.tlog
c:\users\stacy\documents\visual studio 2015\projects\cryptohash\cryptohash\debug\cryptohash.tlog\cryptohash.write.1u.tlog
c:\users\stacy\documents\visual studio 2015\projects\cryptohash\cryptohash\debug\cryptohash.tlog\link.command.1.tlog
c:\users\stacy\documents\visual studio 2015\projects\cryptohash\cryptohash\debug\cryptohash.tlog\link.read.1.tlog
c:\users\stacy\documents\visual studio 2015\projects\cryptohash\cryptohash\debug\cryptohash.tlog\link.write.1.tlog
c:\users\stacy\documents\visual studio 2015\projects\cryptohash\cryptohash\debug\cryptohash.tlog\rc.command.1.tlog
c:\users\stacy\documents\visual studio 2015\projects\cryptohash\cryptohash\debug\cryptohash.tlog\rc.read.1.tlog
c:\users\stacy\documents\visual studio 2015\projects\cryptohash\cryptohash\debug\cryptohash.tlog\rc.write.1.tlog
